app/build/intermediates/manifest_merge_blame_file/debug/manifest-merger-blame-debug-report.txt
1<?xml version="1.0" encoding="utf-8"?>
2<manifest xmlns:android="http://schemas.android.com/apk/res/android"
3    package="com.example.e_commerce"
4    android:versionCode="1"
5    android:versionName="1.0" >
6
7    <uses-sdk
8        android:minSdkVersion="19"
8-->src\main\AndroidManifest.xml
9        android:targetSdkVersion="33" />
9-->src\main\AndroidManifest.xml
10
11    <uses-permission android:name="android.permission.INTERNET" />
11-->[com.google.firebase:firebase-auth:21.3.0] AndroidManifest.xml:25:5-67
11-->[com.google.firebase:firebase-auth:21.3.0] AndroidManifest.xml:25:22-64
12    <uses-permission android:name="android.permission.ACCESS_NETWORK_STATE" />
12-->[com.google.firebase:firebase-auth:21.3.0] AndroidManifest.xml:26:5-79
12-->[com.google.firebase:firebase-auth:21.3.0] AndroidManifest.xml:26:22-76
13    <uses-permission android:name="android.permission.WAKE_LOCK" />
13-->[com.google.android.gms:play-services-measurement-api:21.2.2] AndroidManifest.xml:24:5-68
13-->[com.google.android.gms:play-services-measurement-api:21.2.2] AndroidManifest.xml:24:22-65
14    <uses-permission android:name="com.google.android.gms.permission.AD_ID" />
14-->[com.google.android.gms:play-services-measurement-api:21.2.2] AndroidManifest.xml:25:5-79
14-->[com.google.android.gms:play-services-measurement-api:21.2.2] AndroidManifest.xml:25:22-76
15    <uses-permission android:name="com.google.android.finsky.permission.BIND_GET_INSTALL_REFERRER_SERVICE" />
15-->[com.google.android.gms:play-services-measurement:21.2.2] AndroidManifest.xml:26:5-110
15-->[com.google.android.gms:play-services-measurement:21.2.2] AndroidManifest.xml:26:22-107
16
17    <permission
17-->[androidx.core:core:1.9.0] AndroidManifest.xml:22:5-24:47
18        android:name="com.example.e_commerce.DYNAMIC_RECEIVER_NOT_EXPORTED_PERMISSION"
18-->[androidx.core:core:1.9.0] AndroidManifest.xml:23:9-81
19        android:protectionLevel="signature" />
19-->[androidx.core:core:1.9.0] AndroidManifest.xml:24:9-44
20
21    <uses-permission android:name="com.example.e_commerce.DYNAMIC_RECEIVER_NOT_EXPORTED_PERMISSION" />
21-->[androidx.core:core:1.9.0] AndroidManifest.xml:26:5-97
21-->[androidx.core:core:1.9.0] AndroidManifest.xml:26:22-94
22
23    <application
23-->src\main\AndroidManifest.xml:5:5-61:19
24        android:allowBackup="true"
24-->src\main\AndroidManifest.xml:6:9-35
25        android:appComponentFactory="androidx.core.app.CoreComponentFactory"
25-->[androidx.core:core:1.9.0] AndroidManifest.xml:28:18-86
26        android:dataExtractionRules="@xml/data_extraction_rules"
26-->src\main\AndroidManifest.xml:7:9-65
27        android:debuggable="true"
28        android:fullBackupContent="@xml/backup_rules"
28-->src\main\AndroidManifest.xml:8:9-54
29        android:icon="@mipmap/icon_yako"
29-->src\main\AndroidManifest.xml:9:9-41
30        android:label="G&apos;n&apos;G"
30-->src\main\AndroidManifest.xml:10:9-30
31        android:supportsRtl="true"
31-->src\main\AndroidManifest.xml:11:9-35
32        android:testOnly="true"
33        android:theme="@style/Theme.Ecommerce" >
33-->src\main\AndroidManifest.xml:12:9-47
34        <activity
34-->src\main\AndroidManifest.xml:14:9-16:40
35            android:name="com.example.e_commerce.ViewActivity"
35-->src\main\AndroidManifest.xml:15:13-41
36            android:exported="false" />
36-->src\main\AndroidManifest.xml:16:13-37
37        <activity
37-->src\main\AndroidManifest.xml:17:9-19:40
38            android:name="com.example.e_commerce.StorageOthersActivity"
38-->src\main\AndroidManifest.xml:18:13-50
39            android:exported="false" />
39-->src\main\AndroidManifest.xml:19:13-37
40        <activity
40-->src\main\AndroidManifest.xml:20:9-22:40
41            android:name="com.example.e_commerce.StoragePizzaActivity"
41-->src\main\AndroidManifest.xml:21:13-49
42            android:exported="false" />
42-->src\main\AndroidManifest.xml:22:13-37
43        <activity
43-->src\main\AndroidManifest.xml:23:9-25:40
44            android:name="com.example.e_commerce.StorageActivity"
44-->src\main\AndroidManifest.xml:24:13-44
45            android:exported="false" />
45-->src\main\AndroidManifest.xml:25:13-37
46        <activity
46-->src\main\AndroidManifest.xml:26:9-28:40
47            android:name="com.example.e_commerce.UploadActivity"
47-->src\main\AndroidManifest.xml:27:13-43
48            android:exported="false" />
48-->src\main\AndroidManifest.xml:28:13-37
49        <activity
49-->src\main\AndroidManifest.xml:29:9-31:40
50            android:name="com.example.e_commerce.OtherActivity"
50-->src\main\AndroidManifest.xml:30:13-42
51            android:exported="false" />
51-->src\main\AndroidManifest.xml:31:13-37
52        <activity
52-->src\main\AndroidManifest.xml:32:9-34:40
53            android:name="com.example.e_commerce.PizzaActivity"
53-->src\main\AndroidManifest.xml:33:13-42
54            android:exported="false" />
54-->src\main\AndroidManifest.xml:34:13-37
55        <activity
55-->src\main\AndroidManifest.xml:35:9-37:40
56            android:name="com.example.e_commerce.BreakfastActivity"
56-->src\main\AndroidManifest.xml:36:13-46
57            android:exported="false" />
57-->src\main\AndroidManifest.xml:37:13-37
58        <activity
58-->src\main\AndroidManifest.xml:38:9-40:40
59            android:name="com.example.e_commerce.HomeActivity"
59-->src\main\AndroidManifest.xml:39:13-41
60            android:exported="false" />
60-->src\main\AndroidManifest.xml:40:13-37
61        <activity
61-->src\main\AndroidManifest.xml:41:9-43:40
62            android:name="com.example.e_commerce.User"
62-->src\main\AndroidManifest.xml:42:13-33
63            android:exported="false" />
63-->src\main\AndroidManifest.xml:43:13-37
64        <activity
64-->src\main\AndroidManifest.xml:44:9-46:40
65            android:name="com.example.e_commerce.RegisterActivity"
65-->src\main\AndroidManifest.xml:45:13-45
66            android:exported="false" />
66-->src\main\AndroidManifest.xml:46:13-37
67        <activity
67-->src\main\AndroidManifest.xml:47:9-49:40
68            android:name="com.example.e_commerce.LoginActivity"
68-->src\main\AndroidManifest.xml:48:13-42
69            android:exported="false" />
69-->src\main\AndroidManifest.xml:49:13-37
70        <activity
70-->src\main\AndroidManifest.xml:50:9-58:20
71            android:name="com.example.e_commerce.MainActivity"
71-->src\main\AndroidManifest.xml:51:13-41
72            android:exported="true" >
72-->src\main\AndroidManifest.xml:52:13-36
73            <intent-filter>
73-->src\main\AndroidManifest.xml:53:13-57:29
74                <action android:name="android.intent.action.MAIN" />
74-->src\main\AndroidManifest.xml:54:17-69
74-->src\main\AndroidManifest.xml:54:25-66
75
76                <category android:name="android.intent.category.LAUNCHER" />
76-->src\main\AndroidManifest.xml:56:17-77
76-->src\main\AndroidManifest.xml:56:27-74
77            </intent-filter>
78        </activity>
79        <activity android:name="com.example.e_commerce.z" />
79-->src\main\AndroidManifest.xml:59:9-39
79-->src\main\AndroidManifest.xml:59:19-36
80        <activity android:name="com.example.e_commerce.BurgerActivity" />
80-->src\main\AndroidManifest.xml:60:9-52
80-->src\main\AndroidManifest.xml:60:19-49
81        <activity
81-->[com.google.firebase:firebase-auth:21.3.0] AndroidManifest.xml:29:9-46:20
82            android:name="com.google.firebase.auth.internal.GenericIdpActivity"
82-->[com.google.firebase:firebase-auth:21.3.0] AndroidManifest.xml:30:13-80
83            android:excludeFromRecents="true"
83-->[com.google.firebase:firebase-auth:21.3.0] AndroidManifest.xml:31:13-46
84            android:exported="true"
84-->[com.google.firebase:firebase-auth:21.3.0] AndroidManifest.xml:32:13-36
85            android:launchMode="singleTask"
85-->[com.google.firebase:firebase-auth:21.3.0] AndroidManifest.xml:33:13-44
86            android:theme="@android:style/Theme.Translucent.NoTitleBar" >
86-->[com.google.firebase:firebase-auth:21.3.0] AndroidManifest.xml:34:13-72
87            <intent-filter>
87-->[com.google.firebase:firebase-auth:21.3.0] AndroidManifest.xml:35:13-45:29
88                <action android:name="android.intent.action.VIEW" />
88-->[com.google.firebase:firebase-auth:21.3.0] AndroidManifest.xml:36:17-69
88-->[com.google.firebase:firebase-auth:21.3.0] AndroidManifest.xml:36:25-66
89
90                <category android:name="android.intent.category.DEFAULT" />
90-->[com.google.firebase:firebase-auth:21.3.0] AndroidManifest.xml:38:17-76
90-->[com.google.firebase:firebase-auth:21.3.0] AndroidManifest.xml:38:27-73
91                <category android:name="android.intent.category.BROWSABLE" />
91-->[com.google.firebase:firebase-auth:21.3.0] AndroidManifest.xml:39:17-78
91-->[com.google.firebase:firebase-auth:21.3.0] AndroidManifest.xml:39:27-75
92
93                <data
93-->[com.google.firebase:firebase-auth:21.3.0] AndroidManifest.xml:41:17-44:51
94                    android:host="firebase.auth"
94-->[com.google.firebase:firebase-auth:21.3.0] AndroidManifest.xml:42:21-49
95                    android:path="/"
95-->[com.google.firebase:firebase-auth:21.3.0] AndroidManifest.xml:43:21-37
96                    android:scheme="genericidp" />
96-->[com.google.firebase:firebase-auth:21.3.0] AndroidManifest.xml:44:21-48
97            </intent-filter>
98        </activity>
99        <activity
99-->[com.google.firebase:firebase-auth:21.3.0] AndroidManifest.xml:47:9-64:20
100            android:name="com.google.firebase.auth.internal.RecaptchaActivity"
100-->[com.google.firebase:firebase-auth:21.3.0] AndroidManifest.xml:48:13-79
101            android:excludeFromRecents="true"
101-->[com.google.firebase:firebase-auth:21.3.0] AndroidManifest.xml:49:13-46
102            android:exported="true"
102-->[com.google.firebase:firebase-auth:21.3.0] AndroidManifest.xml:50:13-36
103            android:launchMode="singleTask"
103-->[com.google.firebase:firebase-auth:21.3.0] AndroidManifest.xml:51:13-44
104            android:theme="@android:style/Theme.Translucent.NoTitleBar" >
104-->[com.google.firebase:firebase-auth:21.3.0] AndroidManifest.xml:52:13-72
105            <intent-filter>
105-->[com.google.firebase:firebase-auth:21.3.0] AndroidManifest.xml:53:13-63:29
106                <action android:name="android.intent.action.VIEW" />
106-->[com.google.firebase:firebase-auth:21.3.0] AndroidManifest.xml:36:17-69
106-->[com.google.firebase:firebase-auth:21.3.0] AndroidManifest.xml:36:25-66
107
108                <category android:name="android.intent.category.DEFAULT" />
108-->[com.google.firebase:firebase-auth:21.3.0] AndroidManifest.xml:38:17-76
108-->[com.google.firebase:firebase-auth:21.3.0] AndroidManifest.xml:38:27-73
109                <category android:name="android.intent.category.BROWSABLE" />
109-->[com.google.firebase:firebase-auth:21.3.0] AndroidManifest.xml:39:17-78
109-->[com.google.firebase:firebase-auth:21.3.0] AndroidManifest.xml:39:27-75
110
111                <data
111-->[com.google.firebase:firebase-auth:21.3.0] AndroidManifest.xml:41:17-44:51
112                    android:host="firebase.auth"
112-->[com.google.firebase:firebase-auth:21.3.0] AndroidManifest.xml:42:21-49
113                    android:path="/"
113-->[com.google.firebase:firebase-auth:21.3.0] AndroidManifest.xml:43:21-37
114                    android:scheme="recaptcha" />
114-->[com.google.firebase:firebase-auth:21.3.0] AndroidManifest.xml:44:21-48
115            </intent-filter>
116        </activity>
117
118        <service
118-->[com.google.firebase:firebase-auth:21.3.0] AndroidManifest.xml:66:9-72:19
119            android:name="com.google.firebase.components.ComponentDiscoveryService"
119-->[com.google.firebase:firebase-auth:21.3.0] AndroidManifest.xml:67:13-84
120            android:directBootAware="true"
120-->[com.google.firebase:firebase-common:20.3.2] AndroidManifest.xml:34:13-43
121            android:exported="false" >
121-->[com.google.firebase:firebase-auth:21.3.0] AndroidManifest.xml:68:13-37
122            <meta-data
122-->[com.google.firebase:firebase-auth:21.3.0] AndroidManifest.xml:69:13-71:85
123                android:name="com.google.firebase.components:com.google.firebase.auth.FirebaseAuthRegistrar"
123-->[com.google.firebase:firebase-auth:21.3.0] AndroidManifest.xml:70:17-109
124                android:value="com.google.firebase.components.ComponentRegistrar" />
124-->[com.google.firebase:firebase-auth:21.3.0] AndroidManifest.xml:71:17-82
125            <meta-data
125-->[com.google.firebase:firebase-analytics-ktx:21.2.2] AndroidManifest.xml:11:13-13:85
126                android:name="com.google.firebase.components:com.google.firebase.analytics.ktx.FirebaseAnalyticsKtxRegistrar"
126-->[com.google.firebase:firebase-analytics-ktx:21.2.2] AndroidManifest.xml:12:17-126
127                android:value="com.google.firebase.components.ComponentRegistrar" />
127-->[com.google.firebase:firebase-analytics-ktx:21.2.2] AndroidManifest.xml:13:17-82
128            <meta-data
128-->[com.google.firebase:firebase-database-ktx:20.2.0] AndroidManifest.xml:14:13-16:85
129                android:name="com.google.firebase.components:com.google.firebase.database.ktx.FirebaseDatabaseKtxRegistrar"
129-->[com.google.firebase:firebase-database-ktx:20.2.0] AndroidManifest.xml:15:17-124
130                android:value="com.google.firebase.components.ComponentRegistrar" />
130-->[com.google.firebase:firebase-database-ktx:20.2.0] AndroidManifest.xml:16:17-82
131            <meta-data
131-->[com.google.firebase:firebase-common-ktx:20.3.2] AndroidManifest.xml:14:13-16:85
132                android:name="com.google.firebase.components:com.google.firebase.ktx.FirebaseCommonKtxRegistrar"
132-->[com.google.firebase:firebase-common-ktx:20.3.2] AndroidManifest.xml:15:17-113
133                android:value="com.google.firebase.components.ComponentRegistrar" />
133-->[com.google.firebase:firebase-common-ktx:20.3.2] AndroidManifest.xml:16:17-82
134            <meta-data
134-->[com.google.firebase:firebase-storage:20.1.0] AndroidManifest.xml:32:13-34:85
135                android:name="com.google.firebase.components:com.google.firebase.storage.StorageRegistrar"
135-->[com.google.firebase:firebase-storage:20.1.0] AndroidManifest.xml:33:17-107
136                android:value="com.google.firebase.components.ComponentRegistrar" />
136-->[com.google.firebase:firebase-storage:20.1.0] AndroidManifest.xml:34:17-82
137            <meta-data
137-->[com.google.firebase:firebase-database:20.2.0] AndroidManifest.xml:31:13-33:85
138                android:name="com.google.firebase.components:com.google.firebase.database.DatabaseRegistrar"
138-->[com.google.firebase:firebase-database:20.2.0] AndroidManifest.xml:32:17-109
139                android:value="com.google.firebase.components.ComponentRegistrar" />
139-->[com.google.firebase:firebase-database:20.2.0] AndroidManifest.xml:33:17-82
140            <meta-data
140-->[com.google.android.gms:play-services-measurement-api:21.2.2] AndroidManifest.xml:31:13-33:85
141                android:name="com.google.firebase.components:com.google.firebase.analytics.connector.internal.AnalyticsConnectorRegistrar"
141-->[com.google.android.gms:play-services-measurement-api:21.2.2] AndroidManifest.xml:32:17-139
142                android:value="com.google.firebase.components.ComponentRegistrar" />
142-->[com.google.android.gms:play-services-measurement-api:21.2.2] AndroidManifest.xml:33:17-82
143            <meta-data
143-->[com.google.firebase:firebase-installations:17.1.3] AndroidManifest.xml:17:13-19:85
144                android:name="com.google.firebase.components:com.google.firebase.installations.FirebaseInstallationsRegistrar"
144-->[com.google.firebase:firebase-installations:17.1.3] AndroidManifest.xml:18:17-127
145                android:value="com.google.firebase.components.ComponentRegistrar" />
145-->[com.google.firebase:firebase-installations:17.1.3] AndroidManifest.xml:19:17-82
146        </service>
147
148        <provider
148-->[com.google.firebase:firebase-common:20.3.2] AndroidManifest.xml:25:9-30:39
149            android:name="com.google.firebase.provider.FirebaseInitProvider"
149-->[com.google.firebase:firebase-common:20.3.2] AndroidManifest.xml:26:13-77
150            android:authorities="com.example.e_commerce.firebaseinitprovider"
150-->[com.google.firebase:firebase-common:20.3.2] AndroidManifest.xml:27:13-72
151            android:directBootAware="true"
151-->[com.google.firebase:firebase-common:20.3.2] AndroidManifest.xml:28:13-43
152            android:exported="false"
152-->[com.google.firebase:firebase-common:20.3.2] AndroidManifest.xml:29:13-37
153            android:initOrder="100" />
153-->[com.google.firebase:firebase-common:20.3.2] AndroidManifest.xml:30:13-36
154
155        <activity
155-->[com.google.android.gms:play-services-base:18.1.0] AndroidManifest.xml:20:9-22:45
156            android:name="com.google.android.gms.common.api.GoogleApiActivity"
156-->[com.google.android.gms:play-services-base:18.1.0] AndroidManifest.xml:20:19-85
157            android:exported="false"
157-->[com.google.android.gms:play-services-base:18.1.0] AndroidManifest.xml:22:19-43
158            android:theme="@android:style/Theme.Translucent.NoTitleBar" />
158-->[com.google.android.gms:play-services-base:18.1.0] AndroidManifest.xml:21:19-78
159
160        <receiver
160-->[com.google.android.gms:play-services-measurement:21.2.2] AndroidManifest.xml:29:9-33:20
161            android:name="com.google.android.gms.measurement.AppMeasurementReceiver"
161-->[com.google.android.gms:play-services-measurement:21.2.2] AndroidManifest.xml:30:13-85
162            android:enabled="true"
162-->[com.google.android.gms:play-services-measurement:21.2.2] AndroidManifest.xml:31:13-35
163            android:exported="false" >
163-->[com.google.android.gms:play-services-measurement:21.2.2] AndroidManifest.xml:32:13-37
164        </receiver>
165
166        <service
166-->[com.google.android.gms:play-services-measurement:21.2.2] AndroidManifest.xml:35:9-38:40
167            android:name="com.google.android.gms.measurement.AppMeasurementService"
167-->[com.google.android.gms:play-services-measurement:21.2.2] AndroidManifest.xml:36:13-84
168            android:enabled="true"
168-->[com.google.android.gms:play-services-measurement:21.2.2] AndroidManifest.xml:37:13-35
169            android:exported="false" />
169-->[com.google.android.gms:play-services-measurement:21.2.2] AndroidManifest.xml:38:13-37
170        <service
170-->[com.google.android.gms:play-services-measurement:21.2.2] AndroidManifest.xml:39:9-43:72
171            android:name="com.google.android.gms.measurement.AppMeasurementJobService"
171-->[com.google.android.gms:play-services-measurement:21.2.2] AndroidManifest.xml:40:13-87
172            android:enabled="true"
172-->[com.google.android.gms:play-services-measurement:21.2.2] AndroidManifest.xml:41:13-35
173            android:exported="false"
173-->[com.google.android.gms:play-services-measurement:21.2.2] AndroidManifest.xml:42:13-37
174            android:permission="android.permission.BIND_JOB_SERVICE" />
174-->[com.google.android.gms:play-services-measurement:21.2.2] AndroidManifest.xml:43:13-69
175
176        <meta-data
176-->[com.google.android.gms:play-services-basement:18.1.0] AndroidManifest.xml:21:9-23:69
177            android:name="com.google.android.gms.version"
177-->[com.google.android.gms:play-services-basement:18.1.0] AndroidManifest.xml:22:13-58
178            android:value="@integer/google_play_services_version" />
178-->[com.google.android.gms:play-services-basement:18.1.0] AndroidManifest.xml:23:13-66
179
180        <provider
180-->[androidx.emoji2:emoji2:1.2.0] AndroidManifest.xml:24:9-32:20
181            android:name="androidx.startup.InitializationProvider"
181-->[androidx.emoji2:emoji2:1.2.0] AndroidManifest.xml:25:13-67
182            android:authorities="com.example.e_commerce.androidx-startup"
182-->[androidx.emoji2:emoji2:1.2.0] AndroidManifest.xml:26:13-68
183            android:exported="false" >
183-->[androidx.emoji2:emoji2:1.2.0] AndroidManifest.xml:27:13-37
184            <meta-data
184-->[androidx.emoji2:emoji2:1.2.0] AndroidManifest.xml:29:13-31:52
185                android:name="androidx.emoji2.text.EmojiCompatInitializer"
185-->[androidx.emoji2:emoji2:1.2.0] AndroidManifest.xml:30:17-75
186                android:value="androidx.startup" />
186-->[androidx.emoji2:emoji2:1.2.0] AndroidManifest.xml:31:17-49
187            <meta-data
187-->[androidx.lifecycle:lifecycle-process:2.4.1] AndroidManifest.xml:31:13-33:52
188                android:name="androidx.lifecycle.ProcessLifecycleInitializer"
188-->[androidx.lifecycle:lifecycle-process:2.4.1] AndroidManifest.xml:32:17-78
189                android:value="androidx.startup" />
189-->[androidx.lifecycle:lifecycle-process:2.4.1] AndroidManifest.xml:33:17-49
190        </provider>
191    </application>
192
193</manifest>